<?xml version="1.0" encoding="UTF-8"?>
<schematic>
    <property type="text" value="Description"></property>
    <property type="int" value="Height" unit="cm">4</property>
    <property type="int" value="Width" unit="cm">10</property>
    <property type="bool" value="Is open?">true</property>
    <section value="">

    </section>
</schematic>